Starting market data page for BTC
Selected exchanges: ['All']
Rendering live price page for BTC
Loading spot data for subcategory=market_data, asset=BTC
Latest data directory: 20250515
Loading spot market data for BTC
Data loaded for market_data, found 1 data objects
Data loaded for BTC: True
Data keys: ['api_spot_pairs_markets_BTC']
DataFrame 'api_spot_pairs_markets_BTC' shape: (11, 43), columns: ['symbol', 'exchange_name', 'current_price', 'price_change_1h', 'price_change_percent_1h', 'volume_usd_1h', 'buy_volume_usd_1h', 'sell_volume_usd_1h', 'volume_change_usd_1h', 'volume_change_percent_1h', 'net_flows_usd_1h', 'price_change_4h', 'price_change_percent_4h', 'volume_usd_4h', 'buy_volume_usd_4h', 'sell_volume_usd_4h', 'volume_change_4h', 'volume_change_percent_4h', 'net_flows_usd_4h', 'price_change_12h', 'price_change_percent_12h', 'volume_usd_12h', 'buy_volume_usd_12h', 'sell_volume_usd_12h', 'volume_change_12h', 'volume_change_percent_12h', 'net_flows_usd_12h', 'price_change_24h', 'price_change_percent_24h', 'volume_usd_24h', 'buy_volume_usd_24h', 'sell_volume_usd_24h', 'volume_change_24h', 'volume_change_percent_24h', 'net_flows_usd_24h', 'price_change_1w', 'price_change_percent_1w', 'volume_usd_1w', 'buy_volume_usd_1w', 'sell_volume_usd_1w', 'volume_change_usd_1w', 'volume_change_percent_1w', 'net_flows_usd_1w']
Available data keys: ['api_spot_pairs_markets_BTC']
Found pairs data using key: api_spot_pairs_markets_BTC
Processing pairs data with columns: ['symbol', 'exchange_name', 'current_price', 'price_change_1h', 'price_change_percent_1h', 'volume_usd_1h', 'buy_volume_usd_1h', 'sell_volume_usd_1h', 'volume_change_usd_1h', 'volume_change_percent_1h', 'net_flows_usd_1h', 'price_change_4h', 'price_change_percent_4h', 'volume_usd_4h', 'buy_volume_usd_4h', 'sell_volume_usd_4h', 'volume_change_4h', 'volume_change_percent_4h', 'net_flows_usd_4h', 'price_change_12h', 'price_change_percent_12h', 'volume_usd_12h', 'buy_volume_usd_12h', 'sell_volume_usd_12h', 'volume_change_12h', 'volume_change_percent_12h', 'net_flows_usd_12h', 'price_change_24h', 'price_change_percent_24h', 'volume_usd_24h', 'buy_volume_usd_24h', 'sell_volume_usd_24h', 'volume_change_24h', 'volume_change_percent_24h', 'net_flows_usd_24h', 'price_change_1w', 'price_change_percent_1w', 'volume_usd_1w', 'buy_volume_usd_1w', 'sell_volume_usd_1w', 'volume_change_usd_1w', 'volume_change_percent_1w', 'net_flows_usd_1w']
Renamed columns using mapping: {'current_price': 'price_usd'}
Creating multi-asset candlestick chart for: ['BTC']
Loaded price data with shape: (1085, 6), columns: ['time', 'open', 'high', 'low', 'close', 'volume_usd']
Loading spot data for subcategory=order_book, asset=BTC
Latest data directory: 20250515
Loading order book spot data for BTC
Data loaded for order_book, found 5 data objects
Found order book history data using key: api_spot_orderbook_aggregated_ask_bids_history
Found exchange-specific order book data using key: api_spot_orderbook_ask_bids_history_BTC
Available order book columns: ['aggregated_bids_usd', 'aggregated_bids_quantity', 'aggregated_asks_usd', 'aggregated_asks_quantity', 'time', 'datetime']
Using aggregated_asks_usd for asks and aggregated_bids_usd for bids
Exchange-specific order book data is not available for this asset.
Loading spot data for subcategory=taker_buy_sell, asset=BTC
Latest data directory: 20250515
Loading taker buy/sell spot data for BTC
Data loaded for taker_buy_sell, found 1 data objects
Found taker buy/sell history data using key: api_spot_aggregated_taker_buy_sell_volume_history
Available taker buy/sell columns: ['time', 'aggregated_buy_volume_usd', 'aggregated_sell_volume_usd', 'datetime']
Created 'buy_volume' from aggregated_buy_volume_usd
Created 'sell_volume' from aggregated_sell_volume_usd
Using alternative flow column in ETF page: flow_usd
Looking for exchange balance data at: /Users/felipeodonnell/Documents/Coding/Liquidity Report/izun-liquidity-report-v5/data/20250515/on_chain/api_exchange_balance_list_BTC.parquet
Looking for exchange balance data at: /Users/felipeodonnell/Documents/Coding/Liquidity Report/izun-liquidity-report-v5/data/20250515/on_chain/api_exchange_balance_list_ETH.parquet
